0 info it worked if it ends with ok
1 verbose cli [ '/Users/abab/.nodebrew/node/v7.1.0/bin/node',
1 verbose cli   '/Users/abab/.nodebrew/current/bin/npm',
1 verbose cli   'install',
1 verbose cli   '-g',
1 verbose cli   'tsc@2.1.4' ]
2 info using npm@3.10.9
3 info using node@v7.1.0
4 silly loadCurrentTree Starting
5 silly install loadCurrentTree
6 silly install readGlobalPackageData
7 silly fetchPackageMetaData tsc@2.1.4
8 silly fetchNamedPackageData tsc
9 silly mapToRegistry name tsc
10 silly mapToRegistry using default registry
11 silly mapToRegistry registry https://registry.npmjs.org/
12 silly mapToRegistry data Result {
12 silly mapToRegistry   raw: 'tsc',
12 silly mapToRegistry   scope: null,
12 silly mapToRegistry   escapedName: 'tsc',
12 silly mapToRegistry   name: 'tsc',
12 silly mapToRegistry   rawSpec: '',
12 silly mapToRegistry   spec: 'latest',
12 silly mapToRegistry   type: 'tag' }
13 silly mapToRegistry uri https://registry.npmjs.org/tsc
14 verbose request uri https://registry.npmjs.org/tsc
15 verbose request no auth needed
16 info attempt registry request try #1 at 10:02:16
17 verbose request id cb3898db4bf42f03
18 verbose etag W/"581d42f3-14f1"
19 verbose lastModified Sat, 05 Nov 2016 02:24:51 GMT
20 http request GET https://registry.npmjs.org/tsc
21 http 200 https://registry.npmjs.org/tsc
22 verbose headers { server: 'nginx/1.10.1',
22 verbose headers   'content-type': 'application/json',
22 verbose headers   'last-modified': 'Sat, 03 Dec 2016 22:39:15 GMT',
22 verbose headers   etag: 'W/"58434993-150a"',
22 verbose headers   'content-encoding': 'gzip',
22 verbose headers   'cache-control': 'max-age=300',
22 verbose headers   'content-length': '1205',
22 verbose headers   'accept-ranges': 'bytes',
22 verbose headers   date: 'Fri, 23 Dec 2016 01:02:18 GMT',
22 verbose headers   via: '1.1 varnish',
22 verbose headers   age: '0',
22 verbose headers   connection: 'keep-alive',
22 verbose headers   'x-served-by': 'cache-itm7426-ITM',
22 verbose headers   'x-cache': 'MISS',
22 verbose headers   'x-cache-hits': '0',
22 verbose headers   'x-timer': 'S1482454938.342285,VS0,VE144',
22 verbose headers   vary: 'Accept-Encoding' }
23 silly get cb [ 200,
23 silly get   { server: 'nginx/1.10.1',
23 silly get     'content-type': 'application/json',
23 silly get     'last-modified': 'Sat, 03 Dec 2016 22:39:15 GMT',
23 silly get     etag: 'W/"58434993-150a"',
23 silly get     'content-encoding': 'gzip',
23 silly get     'cache-control': 'max-age=300',
23 silly get     'content-length': '1205',
23 silly get     'accept-ranges': 'bytes',
23 silly get     date: 'Fri, 23 Dec 2016 01:02:18 GMT',
23 silly get     via: '1.1 varnish',
23 silly get     age: '0',
23 silly get     connection: 'keep-alive',
23 silly get     'x-served-by': 'cache-itm7426-ITM',
23 silly get     'x-cache': 'MISS',
23 silly get     'x-cache-hits': '0',
23 silly get     'x-timer': 'S1482454938.342285,VS0,VE144',
23 silly get     vary: 'Accept-Encoding' } ]
24 verbose get saving tsc to /Users/abab/.npm/registry.npmjs.org/tsc/.cache.json
25 verbose correctMkdir /Users/abab/.npm correctMkdir not in flight; initializing
26 silly fetchPackageMetaData Error: No compatible version found: tsc@2.1.4
26 silly fetchPackageMetaData Valid install targets:
26 silly fetchPackageMetaData 1.20150623.0, 1.20150622.0, 1.20150619.0, 1.0.0
26 silly fetchPackageMetaData
26 silly fetchPackageMetaData     at pickVersionFromRegistryDocument (/Users/abab/.nodebrew/node/v7.1.0/lib/node_modules/npm/lib/fetch-package-metadata.js:178:16)
26 silly fetchPackageMetaData     at /Users/abab/.nodebrew/node/v7.1.0/lib/node_modules/npm/node_modules/iferr/index.js:13:50
26 silly fetchPackageMetaData     at /Users/abab/.nodebrew/node/v7.1.0/lib/node_modules/npm/lib/utils/pulse-till-done.js:20:8
26 silly fetchPackageMetaData     at saved (/Users/abab/.nodebrew/node/v7.1.0/lib/node_modules/npm/lib/cache/caching-client.js:174:7)
26 silly fetchPackageMetaData     at /Users/abab/.nodebrew/node/v7.1.0/lib/node_modules/npm/node_modules/graceful-fs/polyfills.js:241:18
26 silly fetchPackageMetaData     at FSReqWrap.oncomplete (fs.js:111:15)
26 silly fetchPackageMetaData  error for tsc@2.1.4 { Error: No compatible version found: tsc@2.1.4
26 silly fetchPackageMetaData Valid install targets:
26 silly fetchPackageMetaData 1.20150623.0, 1.20150622.0, 1.20150619.0, 1.0.0
26 silly fetchPackageMetaData
26 silly fetchPackageMetaData     at pickVersionFromRegistryDocument (/Users/abab/.nodebrew/node/v7.1.0/lib/node_modules/npm/lib/fetch-package-metadata.js:178:16)
26 silly fetchPackageMetaData     at /Users/abab/.nodebrew/node/v7.1.0/lib/node_modules/npm/node_modules/iferr/index.js:13:50
26 silly fetchPackageMetaData     at /Users/abab/.nodebrew/node/v7.1.0/lib/node_modules/npm/lib/utils/pulse-till-done.js:20:8
26 silly fetchPackageMetaData     at saved (/Users/abab/.nodebrew/node/v7.1.0/lib/node_modules/npm/lib/cache/caching-client.js:174:7)
26 silly fetchPackageMetaData     at /Users/abab/.nodebrew/node/v7.1.0/lib/node_modules/npm/node_modules/graceful-fs/polyfills.js:241:18
26 silly fetchPackageMetaData     at FSReqWrap.oncomplete (fs.js:111:15) code: 'ETARGET' }
27 silly rollbackFailedOptional Starting
28 silly rollbackFailedOptional Finishing
29 silly runTopLevelLifecycles Finishing
30 silly install printInstalled
31 verbose stack Error: No compatible version found: tsc@2.1.4
31 verbose stack Valid install targets:
31 verbose stack 1.20150623.0, 1.20150622.0, 1.20150619.0, 1.0.0
31 verbose stack
31 verbose stack     at pickVersionFromRegistryDocument (/Users/abab/.nodebrew/node/v7.1.0/lib/node_modules/npm/lib/fetch-package-metadata.js:178:16)
31 verbose stack     at /Users/abab/.nodebrew/node/v7.1.0/lib/node_modules/npm/node_modules/iferr/index.js:13:50
31 verbose stack     at /Users/abab/.nodebrew/node/v7.1.0/lib/node_modules/npm/lib/utils/pulse-till-done.js:20:8
31 verbose stack     at saved (/Users/abab/.nodebrew/node/v7.1.0/lib/node_modules/npm/lib/cache/caching-client.js:174:7)
31 verbose stack     at /Users/abab/.nodebrew/node/v7.1.0/lib/node_modules/npm/node_modules/graceful-fs/polyfills.js:241:18
31 verbose stack     at FSReqWrap.oncomplete (fs.js:111:15)
32 verbose cwd /Users/abab/Desktop/typescript-template
33 error Darwin 16.1.0
34 error argv "/Users/abab/.nodebrew/node/v7.1.0/bin/node" "/Users/abab/.nodebrew/current/bin/npm" "install" "-g" "tsc@2.1.4"
35 error node v7.1.0
36 error npm  v3.10.9
37 error code ETARGET
38 error notarget No compatible version found: tsc@2.1.4
38 error notarget Valid install targets:
38 error notarget 1.20150623.0, 1.20150622.0, 1.20150619.0, 1.0.0
39 error notarget This is most likely not a problem with npm itself.
39 error notarget In most cases you or one of your dependencies are requesting
39 error notarget a package version that doesn't exist.
40 verbose exit [ 1, true ]
